[2020-07-22T18:39:14.710] [ERROR] application - UnauthorizedError: Authentication Error
    at Object.throw (C:\Users\shs-xxaqbzyzb\Desktop\mine\koa-js-api\node_modules\koa\lib\context.js:97:11)
    at jwt (C:\Users\shs-xxaqbzyzb\Desktop\mine\koa-js-api\node_modules\koa-jwt\lib\index.js:23:22)
    at C:\Users\shs-xxaqbzyzb\Desktop\mine\koa-js-api\node_modules\koa-unless\index.js:29:12
    at dispatch (C:\Users\shs-xxaqbzyzb\Desktop\mine\koa-js-api\node_modules\koa-compose\index.js:42:32)
    at module.exports (C:\Users\shs-xxaqbzyzb\Desktop\mine\koa-js-api\middleware\better-err-handle.js:6:11)
    at dispatch (C:\Users\shs-xxaqbzyzb\Desktop\mine\koa-js-api\node_modules\koa-compose\index.js:42:32)
    at C:\Users\shs-xxaqbzyzb\Desktop\mine\koa-js-api\node_modules\koa-compose\index.js:34:12
    at Application.handleRequest (C:\Users\shs-xxaqbzyzb\Desktop\mine\koa-js-api\node_modules\koa\lib\application.js:168:12)
    at Server.handleRequest (C:\Users\shs-xxaqbzyzb\Desktop\mine\koa-js-api\node_modules\koa\lib\application.js:150:19)
    at Server.emit (events.js:315:20)
[2020-07-22T18:41:54.861] [ERROR] application - UnauthorizedError: Authentication Error
    at Object.throw (C:\Users\shs-xxaqbzyzb\Desktop\mine\koa-js-api\node_modules\koa\lib\context.js:97:11)
    at jwt (C:\Users\shs-xxaqbzyzb\Desktop\mine\koa-js-api\node_modules\koa-jwt\lib\index.js:23:22)
    at C:\Users\shs-xxaqbzyzb\Desktop\mine\koa-js-api\node_modules\koa-unless\index.js:29:12
    at dispatch (C:\Users\shs-xxaqbzyzb\Desktop\mine\koa-js-api\node_modules\koa-compose\index.js:42:32)
    at module.exports (C:\Users\shs-xxaqbzyzb\Desktop\mine\koa-js-api\middleware\better-err-handle.js:6:11)
    at dispatch (C:\Users\shs-xxaqbzyzb\Desktop\mine\koa-js-api\node_modules\koa-compose\index.js:42:32)
    at C:\Users\shs-xxaqbzyzb\Desktop\mine\koa-js-api\node_modules\koa-compose\index.js:34:12
    at Application.handleRequest (C:\Users\shs-xxaqbzyzb\Desktop\mine\koa-js-api\node_modules\koa\lib\application.js:168:12)
    at Server.handleRequest (C:\Users\shs-xxaqbzyzb\Desktop\mine\koa-js-api\node_modules\koa\lib\application.js:150:19)
    at Server.emit (events.js:315:20)
[2020-07-22T18:41:58.013] [ERROR] application - UnauthorizedError: Authentication Error
    at Object.throw (C:\Users\shs-xxaqbzyzb\Desktop\mine\koa-js-api\node_modules\koa\lib\context.js:97:11)
    at jwt (C:\Users\shs-xxaqbzyzb\Desktop\mine\koa-js-api\node_modules\koa-jwt\lib\index.js:23:22)
    at C:\Users\shs-xxaqbzyzb\Desktop\mine\koa-js-api\node_modules\koa-unless\index.js:29:12
    at dispatch (C:\Users\shs-xxaqbzyzb\Desktop\mine\koa-js-api\node_modules\koa-compose\index.js:42:32)
    at module.exports (C:\Users\shs-xxaqbzyzb\Desktop\mine\koa-js-api\middleware\better-err-handle.js:6:11)
    at dispatch (C:\Users\shs-xxaqbzyzb\Desktop\mine\koa-js-api\node_modules\koa-compose\index.js:42:32)
    at C:\Users\shs-xxaqbzyzb\Desktop\mine\koa-js-api\node_modules\koa-compose\index.js:34:12
    at Application.handleRequest (C:\Users\shs-xxaqbzyzb\Desktop\mine\koa-js-api\node_modules\koa\lib\application.js:168:12)
    at Server.handleRequest (C:\Users\shs-xxaqbzyzb\Desktop\mine\koa-js-api\node_modules\koa\lib\application.js:150:19)
    at Server.emit (events.js:315:20)
[2020-07-22T18:42:10.914] [ERROR] application - UnauthorizedError: Authentication Error
    at Object.throw (C:\Users\shs-xxaqbzyzb\Desktop\mine\koa-js-api\node_modules\koa\lib\context.js:97:11)
    at jwt (C:\Users\shs-xxaqbzyzb\Desktop\mine\koa-js-api\node_modules\koa-jwt\lib\index.js:23:22)
    at C:\Users\shs-xxaqbzyzb\Desktop\mine\koa-js-api\node_modules\koa-unless\index.js:29:12
    at dispatch (C:\Users\shs-xxaqbzyzb\Desktop\mine\koa-js-api\node_modules\koa-compose\index.js:42:32)
    at module.exports (C:\Users\shs-xxaqbzyzb\Desktop\mine\koa-js-api\middleware\better-err-handle.js:6:11)
    at dispatch (C:\Users\shs-xxaqbzyzb\Desktop\mine\koa-js-api\node_modules\koa-compose\index.js:42:32)
    at C:\Users\shs-xxaqbzyzb\Desktop\mine\koa-js-api\node_modules\koa-compose\index.js:34:12
    at Application.handleRequest (C:\Users\shs-xxaqbzyzb\Desktop\mine\koa-js-api\node_modules\koa\lib\application.js:168:12)
    at Server.handleRequest (C:\Users\shs-xxaqbzyzb\Desktop\mine\koa-js-api\node_modules\koa\lib\application.js:150:19)
    at Server.emit (events.js:315:20)
[2020-07-22T18:42:20.997] [ERROR] application - UnauthorizedError: Authentication Error
    at Object.throw (C:\Users\shs-xxaqbzyzb\Desktop\mine\koa-js-api\node_modules\koa\lib\context.js:97:11)
    at jwt (C:\Users\shs-xxaqbzyzb\Desktop\mine\koa-js-api\node_modules\koa-jwt\lib\index.js:23:22)
    at C:\Users\shs-xxaqbzyzb\Desktop\mine\koa-js-api\node_modules\koa-unless\index.js:29:12
    at dispatch (C:\Users\shs-xxaqbzyzb\Desktop\mine\koa-js-api\node_modules\koa-compose\index.js:42:32)
    at module.exports (C:\Users\shs-xxaqbzyzb\Desktop\mine\koa-js-api\middleware\better-err-handle.js:6:11)
    at dispatch (C:\Users\shs-xxaqbzyzb\Desktop\mine\koa-js-api\node_modules\koa-compose\index.js:42:32)
    at C:\Users\shs-xxaqbzyzb\Desktop\mine\koa-js-api\node_modules\koa-compose\index.js:34:12
    at Application.handleRequest (C:\Users\shs-xxaqbzyzb\Desktop\mine\koa-js-api\node_modules\koa\lib\application.js:168:12)
    at Server.handleRequest (C:\Users\shs-xxaqbzyzb\Desktop\mine\koa-js-api\node_modules\koa\lib\application.js:150:19)
    at Server.emit (events.js:315:20)
[2020-07-22T18:43:23.924] [ERROR] application - UnauthorizedError: Authentication Error
    at Object.throw (C:\Users\shs-xxaqbzyzb\Desktop\mine\koa-js-api\node_modules\koa\lib\context.js:97:11)
    at jwt (C:\Users\shs-xxaqbzyzb\Desktop\mine\koa-js-api\node_modules\koa-jwt\lib\index.js:23:22)
    at C:\Users\shs-xxaqbzyzb\Desktop\mine\koa-js-api\node_modules\koa-unless\index.js:29:12
    at dispatch (C:\Users\shs-xxaqbzyzb\Desktop\mine\koa-js-api\node_modules\koa-compose\index.js:42:32)
    at module.exports (C:\Users\shs-xxaqbzyzb\Desktop\mine\koa-js-api\middleware\better-err-handle.js:6:11)
    at dispatch (C:\Users\shs-xxaqbzyzb\Desktop\mine\koa-js-api\node_modules\koa-compose\index.js:42:32)
    at C:\Users\shs-xxaqbzyzb\Desktop\mine\koa-js-api\node_modules\koa-compose\index.js:34:12
    at Application.handleRequest (C:\Users\shs-xxaqbzyzb\Desktop\mine\koa-js-api\node_modules\koa\lib\application.js:168:12)
    at Server.handleRequest (C:\Users\shs-xxaqbzyzb\Desktop\mine\koa-js-api\node_modules\koa\lib\application.js:150:19)
    at Server.emit (events.js:315:20)
[2020-07-22T18:43:37.447] [ERROR] application - UnauthorizedError: Authentication Error
    at Object.throw (C:\Users\shs-xxaqbzyzb\Desktop\mine\koa-js-api\node_modules\koa\lib\context.js:97:11)
    at jwt (C:\Users\shs-xxaqbzyzb\Desktop\mine\koa-js-api\node_modules\koa-jwt\lib\index.js:23:22)
    at C:\Users\shs-xxaqbzyzb\Desktop\mine\koa-js-api\node_modules\koa-unless\index.js:29:12
    at dispatch (C:\Users\shs-xxaqbzyzb\Desktop\mine\koa-js-api\node_modules\koa-compose\index.js:42:32)
    at module.exports (C:\Users\shs-xxaqbzyzb\Desktop\mine\koa-js-api\middleware\better-err-handle.js:6:11)
    at dispatch (C:\Users\shs-xxaqbzyzb\Desktop\mine\koa-js-api\node_modules\koa-compose\index.js:42:32)
    at C:\Users\shs-xxaqbzyzb\Desktop\mine\koa-js-api\node_modules\koa-compose\index.js:34:12
    at Application.handleRequest (C:\Users\shs-xxaqbzyzb\Desktop\mine\koa-js-api\node_modules\koa\lib\application.js:168:12)
    at Server.handleRequest (C:\Users\shs-xxaqbzyzb\Desktop\mine\koa-js-api\node_modules\koa\lib\application.js:150:19)
    at Server.emit (events.js:315:20)
[2020-07-22T18:43:41.647] [ERROR] application - UnauthorizedError: Authentication Error
    at Object.throw (C:\Users\shs-xxaqbzyzb\Desktop\mine\koa-js-api\node_modules\koa\lib\context.js:97:11)
    at jwt (C:\Users\shs-xxaqbzyzb\Desktop\mine\koa-js-api\node_modules\koa-jwt\lib\index.js:23:22)
    at C:\Users\shs-xxaqbzyzb\Desktop\mine\koa-js-api\node_modules\koa-unless\index.js:29:12
    at dispatch (C:\Users\shs-xxaqbzyzb\Desktop\mine\koa-js-api\node_modules\koa-compose\index.js:42:32)
    at module.exports (C:\Users\shs-xxaqbzyzb\Desktop\mine\koa-js-api\middleware\better-err-handle.js:6:11)
    at dispatch (C:\Users\shs-xxaqbzyzb\Desktop\mine\koa-js-api\node_modules\koa-compose\index.js:42:32)
    at C:\Users\shs-xxaqbzyzb\Desktop\mine\koa-js-api\node_modules\koa-compose\index.js:34:12
    at Application.handleRequest (C:\Users\shs-xxaqbzyzb\Desktop\mine\koa-js-api\node_modules\koa\lib\application.js:168:12)
    at Server.handleRequest (C:\Users\shs-xxaqbzyzb\Desktop\mine\koa-js-api\node_modules\koa\lib\application.js:150:19)
    at Server.emit (events.js:315:20)
[2020-07-22T18:44:28.403] [ERROR] application - UnauthorizedError: Authentication Error
    at Object.throw (C:\Users\shs-xxaqbzyzb\Desktop\mine\koa-js-api\node_modules\koa\lib\context.js:97:11)
    at jwt (C:\Users\shs-xxaqbzyzb\Desktop\mine\koa-js-api\node_modules\koa-jwt\lib\index.js:23:22)
    at C:\Users\shs-xxaqbzyzb\Desktop\mine\koa-js-api\node_modules\koa-unless\index.js:29:12
    at dispatch (C:\Users\shs-xxaqbzyzb\Desktop\mine\koa-js-api\node_modules\koa-compose\index.js:42:32)
    at module.exports (C:\Users\shs-xxaqbzyzb\Desktop\mine\koa-js-api\middleware\better-err-handle.js:6:11)
    at dispatch (C:\Users\shs-xxaqbzyzb\Desktop\mine\koa-js-api\node_modules\koa-compose\index.js:42:32)
    at C:\Users\shs-xxaqbzyzb\Desktop\mine\koa-js-api\node_modules\koa-compose\index.js:34:12
    at Application.handleRequest (C:\Users\shs-xxaqbzyzb\Desktop\mine\koa-js-api\node_modules\koa\lib\application.js:168:12)
    at Server.handleRequest (C:\Users\shs-xxaqbzyzb\Desktop\mine\koa-js-api\node_modules\koa\lib\application.js:150:19)
    at Server.emit (events.js:315:20)
[2020-07-22T18:45:19.158] [ERROR] application - UnauthorizedError: Authentication Error
    at Object.throw (C:\Users\shs-xxaqbzyzb\Desktop\mine\koa-js-api\node_modules\koa\lib\context.js:97:11)
    at jwt (C:\Users\shs-xxaqbzyzb\Desktop\mine\koa-js-api\node_modules\koa-jwt\lib\index.js:23:22)
    at C:\Users\shs-xxaqbzyzb\Desktop\mine\koa-js-api\node_modules\koa-unless\index.js:29:12
    at dispatch (C:\Users\shs-xxaqbzyzb\Desktop\mine\koa-js-api\node_modules\koa-compose\index.js:42:32)
    at module.exports (C:\Users\shs-xxaqbzyzb\Desktop\mine\koa-js-api\middleware\better-err-handle.js:6:11)
    at dispatch (C:\Users\shs-xxaqbzyzb\Desktop\mine\koa-js-api\node_modules\koa-compose\index.js:42:32)
    at C:\Users\shs-xxaqbzyzb\Desktop\mine\koa-js-api\node_modules\koa-compose\index.js:34:12
    at Application.handleRequest (C:\Users\shs-xxaqbzyzb\Desktop\mine\koa-js-api\node_modules\koa\lib\application.js:168:12)
    at Server.handleRequest (C:\Users\shs-xxaqbzyzb\Desktop\mine\koa-js-api\node_modules\koa\lib\application.js:150:19)
    at Server.emit (events.js:315:20)
[2020-07-22T18:45:21.360] [ERROR] application - UnauthorizedError: Authentication Error
    at Object.throw (C:\Users\shs-xxaqbzyzb\Desktop\mine\koa-js-api\node_modules\koa\lib\context.js:97:11)
    at jwt (C:\Users\shs-xxaqbzyzb\Desktop\mine\koa-js-api\node_modules\koa-jwt\lib\index.js:23:22)
    at C:\Users\shs-xxaqbzyzb\Desktop\mine\koa-js-api\node_modules\koa-unless\index.js:29:12
    at dispatch (C:\Users\shs-xxaqbzyzb\Desktop\mine\koa-js-api\node_modules\koa-compose\index.js:42:32)
    at module.exports (C:\Users\shs-xxaqbzyzb\Desktop\mine\koa-js-api\middleware\better-err-handle.js:6:11)
    at dispatch (C:\Users\shs-xxaqbzyzb\Desktop\mine\koa-js-api\node_modules\koa-compose\index.js:42:32)
    at C:\Users\shs-xxaqbzyzb\Desktop\mine\koa-js-api\node_modules\koa-compose\index.js:34:12
    at Application.handleRequest (C:\Users\shs-xxaqbzyzb\Desktop\mine\koa-js-api\node_modules\koa\lib\application.js:168:12)
    at Server.handleRequest (C:\Users\shs-xxaqbzyzb\Desktop\mine\koa-js-api\node_modules\koa\lib\application.js:150:19)
    at Server.emit (events.js:315:20)
[2020-07-22T18:45:25.610] [ERROR] application - UnauthorizedError: Authentication Error
    at Object.throw (C:\Users\shs-xxaqbzyzb\Desktop\mine\koa-js-api\node_modules\koa\lib\context.js:97:11)
    at jwt (C:\Users\shs-xxaqbzyzb\Desktop\mine\koa-js-api\node_modules\koa-jwt\lib\index.js:23:22)
    at C:\Users\shs-xxaqbzyzb\Desktop\mine\koa-js-api\node_modules\koa-unless\index.js:29:12
    at dispatch (C:\Users\shs-xxaqbzyzb\Desktop\mine\koa-js-api\node_modules\koa-compose\index.js:42:32)
    at module.exports (C:\Users\shs-xxaqbzyzb\Desktop\mine\koa-js-api\middleware\better-err-handle.js:6:11)
    at dispatch (C:\Users\shs-xxaqbzyzb\Desktop\mine\koa-js-api\node_modules\koa-compose\index.js:42:32)
    at C:\Users\shs-xxaqbzyzb\Desktop\mine\koa-js-api\node_modules\koa-compose\index.js:34:12
    at Application.handleRequest (C:\Users\shs-xxaqbzyzb\Desktop\mine\koa-js-api\node_modules\koa\lib\application.js:168:12)
    at Server.handleRequest (C:\Users\shs-xxaqbzyzb\Desktop\mine\koa-js-api\node_modules\koa\lib\application.js:150:19)
    at Server.emit (events.js:315:20)
[2020-07-22T18:45:35.632] [ERROR] application - UnauthorizedError: Authentication Error
    at Object.throw (C:\Users\shs-xxaqbzyzb\Desktop\mine\koa-js-api\node_modules\koa\lib\context.js:97:11)
    at jwt (C:\Users\shs-xxaqbzyzb\Desktop\mine\koa-js-api\node_modules\koa-jwt\lib\index.js:23:22)
    at C:\Users\shs-xxaqbzyzb\Desktop\mine\koa-js-api\node_modules\koa-unless\index.js:29:12
    at dispatch (C:\Users\shs-xxaqbzyzb\Desktop\mine\koa-js-api\node_modules\koa-compose\index.js:42:32)
    at module.exports (C:\Users\shs-xxaqbzyzb\Desktop\mine\koa-js-api\middleware\better-err-handle.js:6:11)
    at dispatch (C:\Users\shs-xxaqbzyzb\Desktop\mine\koa-js-api\node_modules\koa-compose\index.js:42:32)
    at C:\Users\shs-xxaqbzyzb\Desktop\mine\koa-js-api\node_modules\koa-compose\index.js:34:12
    at Application.handleRequest (C:\Users\shs-xxaqbzyzb\Desktop\mine\koa-js-api\node_modules\koa\lib\application.js:168:12)
    at Server.handleRequest (C:\Users\shs-xxaqbzyzb\Desktop\mine\koa-js-api\node_modules\koa\lib\application.js:150:19)
    at Server.emit (events.js:315:20)
[2020-07-22T18:45:59.296] [ERROR] application - UnauthorizedError: Authentication Error
    at Object.throw (C:\Users\shs-xxaqbzyzb\Desktop\mine\koa-js-api\node_modules\koa\lib\context.js:97:11)
    at jwt (C:\Users\shs-xxaqbzyzb\Desktop\mine\koa-js-api\node_modules\koa-jwt\lib\index.js:23:22)
    at C:\Users\shs-xxaqbzyzb\Desktop\mine\koa-js-api\node_modules\koa-unless\index.js:29:12
    at dispatch (C:\Users\shs-xxaqbzyzb\Desktop\mine\koa-js-api\node_modules\koa-compose\index.js:42:32)
    at module.exports (C:\Users\shs-xxaqbzyzb\Desktop\mine\koa-js-api\middleware\better-err-handle.js:6:11)
    at dispatch (C:\Users\shs-xxaqbzyzb\Desktop\mine\koa-js-api\node_modules\koa-compose\index.js:42:32)
    at C:\Users\shs-xxaqbzyzb\Desktop\mine\koa-js-api\node_modules\koa-compose\index.js:34:12
    at Application.handleRequest (C:\Users\shs-xxaqbzyzb\Desktop\mine\koa-js-api\node_modules\koa\lib\application.js:168:12)
    at Server.handleRequest (C:\Users\shs-xxaqbzyzb\Desktop\mine\koa-js-api\node_modules\koa\lib\application.js:150:19)
    at Server.emit (events.js:315:20)
[2020-07-22T18:46:26.940] [ERROR] application - UnauthorizedError: Authentication Error
    at Object.throw (C:\Users\shs-xxaqbzyzb\Desktop\mine\koa-js-api\node_modules\koa\lib\context.js:97:11)
    at jwt (C:\Users\shs-xxaqbzyzb\Desktop\mine\koa-js-api\node_modules\koa-jwt\lib\index.js:23:22)
    at C:\Users\shs-xxaqbzyzb\Desktop\mine\koa-js-api\node_modules\koa-unless\index.js:29:12
    at dispatch (C:\Users\shs-xxaqbzyzb\Desktop\mine\koa-js-api\node_modules\koa-compose\index.js:42:32)
    at module.exports (C:\Users\shs-xxaqbzyzb\Desktop\mine\koa-js-api\middleware\better-err-handle.js:6:11)
    at dispatch (C:\Users\shs-xxaqbzyzb\Desktop\mine\koa-js-api\node_modules\koa-compose\index.js:42:32)
    at C:\Users\shs-xxaqbzyzb\Desktop\mine\koa-js-api\node_modules\koa-compose\index.js:34:12
    at Application.handleRequest (C:\Users\shs-xxaqbzyzb\Desktop\mine\koa-js-api\node_modules\koa\lib\application.js:168:12)
    at Server.handleRequest (C:\Users\shs-xxaqbzyzb\Desktop\mine\koa-js-api\node_modules\koa\lib\application.js:150:19)
    at Server.emit (events.js:315:20)
[2020-07-22T18:46:35.544] [ERROR] application - UnauthorizedError: Authentication Error
    at Object.throw (C:\Users\shs-xxaqbzyzb\Desktop\mine\koa-js-api\node_modules\koa\lib\context.js:97:11)
    at jwt (C:\Users\shs-xxaqbzyzb\Desktop\mine\koa-js-api\node_modules\koa-jwt\lib\index.js:23:22)
    at C:\Users\shs-xxaqbzyzb\Desktop\mine\koa-js-api\node_modules\koa-unless\index.js:29:12
    at dispatch (C:\Users\shs-xxaqbzyzb\Desktop\mine\koa-js-api\node_modules\koa-compose\index.js:42:32)
    at module.exports (C:\Users\shs-xxaqbzyzb\Desktop\mine\koa-js-api\middleware\better-err-handle.js:6:11)
    at dispatch (C:\Users\shs-xxaqbzyzb\Desktop\mine\koa-js-api\node_modules\koa-compose\index.js:42:32)
    at C:\Users\shs-xxaqbzyzb\Desktop\mine\koa-js-api\node_modules\koa-compose\index.js:34:12
    at Application.handleRequest (C:\Users\shs-xxaqbzyzb\Desktop\mine\koa-js-api\node_modules\koa\lib\application.js:168:12)
    at Server.handleRequest (C:\Users\shs-xxaqbzyzb\Desktop\mine\koa-js-api\node_modules\koa\lib\application.js:150:19)
    at Server.emit (events.js:315:20)
[2020-07-22T18:46:59.605] [ERROR] application - UnauthorizedError: Authentication Error
    at Object.throw (C:\Users\shs-xxaqbzyzb\Desktop\mine\koa-js-api\node_modules\koa\lib\context.js:97:11)
    at jwt (C:\Users\shs-xxaqbzyzb\Desktop\mine\koa-js-api\node_modules\koa-jwt\lib\index.js:23:22)
    at C:\Users\shs-xxaqbzyzb\Desktop\mine\koa-js-api\node_modules\koa-unless\index.js:29:12
    at dispatch (C:\Users\shs-xxaqbzyzb\Desktop\mine\koa-js-api\node_modules\koa-compose\index.js:42:32)
    at module.exports (C:\Users\shs-xxaqbzyzb\Desktop\mine\koa-js-api\middleware\better-err-handle.js:6:11)
    at dispatch (C:\Users\shs-xxaqbzyzb\Desktop\mine\koa-js-api\node_modules\koa-compose\index.js:42:32)
    at C:\Users\shs-xxaqbzyzb\Desktop\mine\koa-js-api\node_modules\koa-compose\index.js:34:12
    at Application.handleRequest (C:\Users\shs-xxaqbzyzb\Desktop\mine\koa-js-api\node_modules\koa\lib\application.js:168:12)
    at Server.handleRequest (C:\Users\shs-xxaqbzyzb\Desktop\mine\koa-js-api\node_modules\koa\lib\application.js:150:19)
    at Server.emit (events.js:315:20)
[2020-07-22T18:47:16.148] [ERROR] application - UnauthorizedError: Authentication Error
    at Object.throw (C:\Users\shs-xxaqbzyzb\Desktop\mine\koa-js-api\node_modules\koa\lib\context.js:97:11)
    at jwt (C:\Users\shs-xxaqbzyzb\Desktop\mine\koa-js-api\node_modules\koa-jwt\lib\index.js:23:22)
    at C:\Users\shs-xxaqbzyzb\Desktop\mine\koa-js-api\node_modules\koa-unless\index.js:29:12
    at dispatch (C:\Users\shs-xxaqbzyzb\Desktop\mine\koa-js-api\node_modules\koa-compose\index.js:42:32)
    at module.exports (C:\Users\shs-xxaqbzyzb\Desktop\mine\koa-js-api\middleware\better-err-handle.js:6:11)
    at dispatch (C:\Users\shs-xxaqbzyzb\Desktop\mine\koa-js-api\node_modules\koa-compose\index.js:42:32)
    at C:\Users\shs-xxaqbzyzb\Desktop\mine\koa-js-api\node_modules\koa-compose\index.js:34:12
    at Application.handleRequest (C:\Users\shs-xxaqbzyzb\Desktop\mine\koa-js-api\node_modules\koa\lib\application.js:168:12)
    at Server.handleRequest (C:\Users\shs-xxaqbzyzb\Desktop\mine\koa-js-api\node_modules\koa\lib\application.js:150:19)
    at Server.emit (events.js:315:20)
[2020-07-22T18:47:20.770] [ERROR] application - UnauthorizedError: Authentication Error
    at Object.throw (C:\Users\shs-xxaqbzyzb\Desktop\mine\koa-js-api\node_modules\koa\lib\context.js:97:11)
    at jwt (C:\Users\shs-xxaqbzyzb\Desktop\mine\koa-js-api\node_modules\koa-jwt\lib\index.js:23:22)
    at C:\Users\shs-xxaqbzyzb\Desktop\mine\koa-js-api\node_modules\koa-unless\index.js:29:12
    at dispatch (C:\Users\shs-xxaqbzyzb\Desktop\mine\koa-js-api\node_modules\koa-compose\index.js:42:32)
    at module.exports (C:\Users\shs-xxaqbzyzb\Desktop\mine\koa-js-api\middleware\better-err-handle.js:6:11)
    at dispatch (C:\Users\shs-xxaqbzyzb\Desktop\mine\koa-js-api\node_modules\koa-compose\index.js:42:32)
    at C:\Users\shs-xxaqbzyzb\Desktop\mine\koa-js-api\node_modules\koa-compose\index.js:34:12
    at Application.handleRequest (C:\Users\shs-xxaqbzyzb\Desktop\mine\koa-js-api\node_modules\koa\lib\application.js:168:12)
    at Server.handleRequest (C:\Users\shs-xxaqbzyzb\Desktop\mine\koa-js-api\node_modules\koa\lib\application.js:150:19)
    at Server.emit (events.js:315:20)
[2020-07-22T18:47:40.430] [ERROR] application - UnauthorizedError: Authentication Error
    at Object.throw (C:\Users\shs-xxaqbzyzb\Desktop\mine\koa-js-api\node_modules\koa\lib\context.js:97:11)
    at jwt (C:\Users\shs-xxaqbzyzb\Desktop\mine\koa-js-api\node_modules\koa-jwt\lib\index.js:23:22)
    at C:\Users\shs-xxaqbzyzb\Desktop\mine\koa-js-api\node_modules\koa-unless\index.js:29:12
    at dispatch (C:\Users\shs-xxaqbzyzb\Desktop\mine\koa-js-api\node_modules\koa-compose\index.js:42:32)
    at module.exports (C:\Users\shs-xxaqbzyzb\Desktop\mine\koa-js-api\middleware\better-err-handle.js:6:11)
    at dispatch (C:\Users\shs-xxaqbzyzb\Desktop\mine\koa-js-api\node_modules\koa-compose\index.js:42:32)
    at C:\Users\shs-xxaqbzyzb\Desktop\mine\koa-js-api\node_modules\koa-compose\index.js:34:12
    at Application.handleRequest (C:\Users\shs-xxaqbzyzb\Desktop\mine\koa-js-api\node_modules\koa\lib\application.js:168:12)
    at Server.handleRequest (C:\Users\shs-xxaqbzyzb\Desktop\mine\koa-js-api\node_modules\koa\lib\application.js:150:19)
    at Server.emit (events.js:315:20)
[2020-07-22T18:47:42.012] [ERROR] application - UnauthorizedError: Authentication Error
    at Object.throw (C:\Users\shs-xxaqbzyzb\Desktop\mine\koa-js-api\node_modules\koa\lib\context.js:97:11)
    at jwt (C:\Users\shs-xxaqbzyzb\Desktop\mine\koa-js-api\node_modules\koa-jwt\lib\index.js:23:22)
    at C:\Users\shs-xxaqbzyzb\Desktop\mine\koa-js-api\node_modules\koa-unless\index.js:29:12
    at dispatch (C:\Users\shs-xxaqbzyzb\Desktop\mine\koa-js-api\node_modules\koa-compose\index.js:42:32)
    at module.exports (C:\Users\shs-xxaqbzyzb\Desktop\mine\koa-js-api\middleware\better-err-handle.js:6:11)
    at dispatch (C:\Users\shs-xxaqbzyzb\Desktop\mine\koa-js-api\node_modules\koa-compose\index.js:42:32)
    at C:\Users\shs-xxaqbzyzb\Desktop\mine\koa-js-api\node_modules\koa-compose\index.js:34:12
    at Application.handleRequest (C:\Users\shs-xxaqbzyzb\Desktop\mine\koa-js-api\node_modules\koa\lib\application.js:168:12)
    at Server.handleRequest (C:\Users\shs-xxaqbzyzb\Desktop\mine\koa-js-api\node_modules\koa\lib\application.js:150:19)
    at Server.emit (events.js:315:20)
[2020-07-22T18:47:44.495] [ERROR] application - UnauthorizedError: Authentication Error
    at Object.throw (C:\Users\shs-xxaqbzyzb\Desktop\mine\koa-js-api\node_modules\koa\lib\context.js:97:11)
    at jwt (C:\Users\shs-xxaqbzyzb\Desktop\mine\koa-js-api\node_modules\koa-jwt\lib\index.js:23:22)
    at C:\Users\shs-xxaqbzyzb\Desktop\mine\koa-js-api\node_modules\koa-unless\index.js:29:12
    at dispatch (C:\Users\shs-xxaqbzyzb\Desktop\mine\koa-js-api\node_modules\koa-compose\index.js:42:32)
    at module.exports (C:\Users\shs-xxaqbzyzb\Desktop\mine\koa-js-api\middleware\better-err-handle.js:6:11)
    at dispatch (C:\Users\shs-xxaqbzyzb\Desktop\mine\koa-js-api\node_modules\koa-compose\index.js:42:32)
    at C:\Users\shs-xxaqbzyzb\Desktop\mine\koa-js-api\node_modules\koa-compose\index.js:34:12
    at Application.handleRequest (C:\Users\shs-xxaqbzyzb\Desktop\mine\koa-js-api\node_modules\koa\lib\application.js:168:12)
    at Server.handleRequest (C:\Users\shs-xxaqbzyzb\Desktop\mine\koa-js-api\node_modules\koa\lib\application.js:150:19)
    at Server.emit (events.js:315:20)
[2020-07-22T18:50:36.301] [ERROR] application - UnauthorizedError: Authentication Error
    at Object.throw (C:\Users\shs-xxaqbzyzb\Desktop\mine\koa-js-api\node_modules\koa\lib\context.js:97:11)
    at jwt (C:\Users\shs-xxaqbzyzb\Desktop\mine\koa-js-api\node_modules\koa-jwt\lib\index.js:23:22)
    at C:\Users\shs-xxaqbzyzb\Desktop\mine\koa-js-api\node_modules\koa-unless\index.js:29:12
    at dispatch (C:\Users\shs-xxaqbzyzb\Desktop\mine\koa-js-api\node_modules\koa-compose\index.js:42:32)
    at module.exports (C:\Users\shs-xxaqbzyzb\Desktop\mine\koa-js-api\middleware\better-err-handle.js:6:11)
    at dispatch (C:\Users\shs-xxaqbzyzb\Desktop\mine\koa-js-api\node_modules\koa-compose\index.js:42:32)
    at C:\Users\shs-xxaqbzyzb\Desktop\mine\koa-js-api\node_modules\koa-compose\index.js:34:12
    at Application.handleRequest (C:\Users\shs-xxaqbzyzb\Desktop\mine\koa-js-api\node_modules\koa\lib\application.js:168:12)
    at Server.handleRequest (C:\Users\shs-xxaqbzyzb\Desktop\mine\koa-js-api\node_modules\koa\lib\application.js:150:19)
    at Server.emit (events.js:315:20)
[2020-07-22T18:50:42.645] [ERROR] application - UnauthorizedError: Authentication Error
    at Object.throw (C:\Users\shs-xxaqbzyzb\Desktop\mine\koa-js-api\node_modules\koa\lib\context.js:97:11)
    at jwt (C:\Users\shs-xxaqbzyzb\Desktop\mine\koa-js-api\node_modules\koa-jwt\lib\index.js:23:22)
    at C:\Users\shs-xxaqbzyzb\Desktop\mine\koa-js-api\node_modules\koa-unless\index.js:29:12
    at dispatch (C:\Users\shs-xxaqbzyzb\Desktop\mine\koa-js-api\node_modules\koa-compose\index.js:42:32)
    at module.exports (C:\Users\shs-xxaqbzyzb\Desktop\mine\koa-js-api\middleware\better-err-handle.js:6:11)
    at dispatch (C:\Users\shs-xxaqbzyzb\Desktop\mine\koa-js-api\node_modules\koa-compose\index.js:42:32)
    at C:\Users\shs-xxaqbzyzb\Desktop\mine\koa-js-api\node_modules\koa-compose\index.js:34:12
    at Application.handleRequest (C:\Users\shs-xxaqbzyzb\Desktop\mine\koa-js-api\node_modules\koa\lib\application.js:168:12)
    at Server.handleRequest (C:\Users\shs-xxaqbzyzb\Desktop\mine\koa-js-api\node_modules\koa\lib\application.js:150:19)
    at Server.emit (events.js:315:20)
[2020-07-22T18:51:05.589] [ERROR] application - UnauthorizedError: Authentication Error
    at Object.throw (C:\Users\shs-xxaqbzyzb\Desktop\mine\koa-js-api\node_modules\koa\lib\context.js:97:11)
    at jwt (C:\Users\shs-xxaqbzyzb\Desktop\mine\koa-js-api\node_modules\koa-jwt\lib\index.js:23:22)
    at C:\Users\shs-xxaqbzyzb\Desktop\mine\koa-js-api\node_modules\koa-unless\index.js:29:12
    at dispatch (C:\Users\shs-xxaqbzyzb\Desktop\mine\koa-js-api\node_modules\koa-compose\index.js:42:32)
    at module.exports (C:\Users\shs-xxaqbzyzb\Desktop\mine\koa-js-api\middleware\better-err-handle.js:6:11)
    at dispatch (C:\Users\shs-xxaqbzyzb\Desktop\mine\koa-js-api\node_modules\koa-compose\index.js:42:32)
    at C:\Users\shs-xxaqbzyzb\Desktop\mine\koa-js-api\node_modules\koa-compose\index.js:34:12
    at Application.handleRequest (C:\Users\shs-xxaqbzyzb\Desktop\mine\koa-js-api\node_modules\koa\lib\application.js:168:12)
    at Server.handleRequest (C:\Users\shs-xxaqbzyzb\Desktop\mine\koa-js-api\node_modules\koa\lib\application.js:150:19)
    at Server.emit (events.js:315:20)
[2020-07-22T18:52:01.946] [ERROR] application - UnauthorizedError: Authentication Error
    at Object.throw (C:\Users\shs-xxaqbzyzb\Desktop\mine\koa-js-api\node_modules\koa\lib\context.js:97:11)
    at jwt (C:\Users\shs-xxaqbzyzb\Desktop\mine\koa-js-api\node_modules\koa-jwt\lib\index.js:23:22)
    at C:\Users\shs-xxaqbzyzb\Desktop\mine\koa-js-api\node_modules\koa-unless\index.js:29:12
    at dispatch (C:\Users\shs-xxaqbzyzb\Desktop\mine\koa-js-api\node_modules\koa-compose\index.js:42:32)
    at module.exports (C:\Users\shs-xxaqbzyzb\Desktop\mine\koa-js-api\middleware\better-err-handle.js:6:11)
    at dispatch (C:\Users\shs-xxaqbzyzb\Desktop\mine\koa-js-api\node_modules\koa-compose\index.js:42:32)
    at C:\Users\shs-xxaqbzyzb\Desktop\mine\koa-js-api\node_modules\koa-compose\index.js:34:12
    at Application.handleRequest (C:\Users\shs-xxaqbzyzb\Desktop\mine\koa-js-api\node_modules\koa\lib\application.js:168:12)
    at Server.handleRequest (C:\Users\shs-xxaqbzyzb\Desktop\mine\koa-js-api\node_modules\koa\lib\application.js:150:19)
    at Server.emit (events.js:315:20)
[2020-07-22T18:52:29.822] [ERROR] application - UnauthorizedError: Authentication Error
    at Object.throw (C:\Users\shs-xxaqbzyzb\Desktop\mine\koa-js-api\node_modules\koa\lib\context.js:97:11)
    at jwt (C:\Users\shs-xxaqbzyzb\Desktop\mine\koa-js-api\node_modules\koa-jwt\lib\index.js:23:22)
    at C:\Users\shs-xxaqbzyzb\Desktop\mine\koa-js-api\node_modules\koa-unless\index.js:29:12
    at dispatch (C:\Users\shs-xxaqbzyzb\Desktop\mine\koa-js-api\node_modules\koa-compose\index.js:42:32)
    at module.exports (C:\Users\shs-xxaqbzyzb\Desktop\mine\koa-js-api\middleware\better-err-handle.js:6:11)
    at dispatch (C:\Users\shs-xxaqbzyzb\Desktop\mine\koa-js-api\node_modules\koa-compose\index.js:42:32)
    at C:\Users\shs-xxaqbzyzb\Desktop\mine\koa-js-api\node_modules\koa-compose\index.js:34:12
    at Application.handleRequest (C:\Users\shs-xxaqbzyzb\Desktop\mine\koa-js-api\node_modules\koa\lib\application.js:168:12)
    at Server.handleRequest (C:\Users\shs-xxaqbzyzb\Desktop\mine\koa-js-api\node_modules\koa\lib\application.js:150:19)
    at Server.emit (events.js:315:20)
[2020-07-22T18:52:46.508] [ERROR] application - UnauthorizedError: Authentication Error
    at Object.throw (C:\Users\shs-xxaqbzyzb\Desktop\mine\koa-js-api\node_modules\koa\lib\context.js:97:11)
    at jwt (C:\Users\shs-xxaqbzyzb\Desktop\mine\koa-js-api\node_modules\koa-jwt\lib\index.js:23:22)
    at C:\Users\shs-xxaqbzyzb\Desktop\mine\koa-js-api\node_modules\koa-unless\index.js:29:12
    at dispatch (C:\Users\shs-xxaqbzyzb\Desktop\mine\koa-js-api\node_modules\koa-compose\index.js:42:32)
    at module.exports (C:\Users\shs-xxaqbzyzb\Desktop\mine\koa-js-api\middleware\better-err-handle.js:6:11)
    at dispatch (C:\Users\shs-xxaqbzyzb\Desktop\mine\koa-js-api\node_modules\koa-compose\index.js:42:32)
    at C:\Users\shs-xxaqbzyzb\Desktop\mine\koa-js-api\node_modules\koa-compose\index.js:34:12
    at Application.handleRequest (C:\Users\shs-xxaqbzyzb\Desktop\mine\koa-js-api\node_modules\koa\lib\application.js:168:12)
    at Server.handleRequest (C:\Users\shs-xxaqbzyzb\Desktop\mine\koa-js-api\node_modules\koa\lib\application.js:150:19)
    at Server.emit (events.js:315:20)
[2020-07-22T18:54:06.596] [ERROR] application - UnauthorizedError: Bad Authorization header format. Format is "Authorization: Bearer <token>"
    at Object.throw (C:\Users\shs-xxaqbzyzb\Desktop\mine\koa-js-api\node_modules\koa\lib\context.js:97:11)
    at resolveAuthorizationHeader (C:\Users\shs-xxaqbzyzb\Desktop\mine\koa-js-api\node_modules\koa-jwt\lib\resolvers\auth-header.js:26:18)
    at C:\Users\shs-xxaqbzyzb\Desktop\mine\koa-js-api\node_modules\koa-jwt\lib\index.js:20:49
    at Array.find (<anonymous>)
    at jwt (C:\Users\shs-xxaqbzyzb\Desktop\mine\koa-js-api\node_modules\koa-jwt\lib\index.js:20:24)
    at C:\Users\shs-xxaqbzyzb\Desktop\mine\koa-js-api\node_modules\koa-unless\index.js:29:12
    at dispatch (C:\Users\shs-xxaqbzyzb\Desktop\mine\koa-js-api\node_modules\koa-compose\index.js:42:32)
    at module.exports (C:\Users\shs-xxaqbzyzb\Desktop\mine\koa-js-api\middleware\better-err-handle.js:6:11)
    at dispatch (C:\Users\shs-xxaqbzyzb\Desktop\mine\koa-js-api\node_modules\koa-compose\index.js:42:32)
    at C:\Users\shs-xxaqbzyzb\Desktop\mine\koa-js-api\node_modules\koa-compose\index.js:34:12
