[2020-07-21T09:05:13.010] [ERROR] application - UnauthorizedError: Authentication Error
    at Object.throw (C:\Users\shs-xxaqbzyzb\Desktop\koa-common-api\koa-js-api\node_modules\koa\lib\context.js:97:11)
    at jwt (C:\Users\shs-xxaqbzyzb\Desktop\koa-common-api\koa-js-api\node_modules\koa-jwt\lib\index.js:66:26)
    at async module.exports (C:\Users\shs-xxaqbzyzb\Desktop\koa-common-api\koa-js-api\middleware\better-err-handle.js:6:5) {
  originalError: JsonWebTokenError: invalid signature
      at C:\Users\shs-xxaqbzyzb\Desktop\koa-common-api\koa-js-api\node_modules\jsonwebtoken\verify.js:133:19
      at getSecret (C:\Users\shs-xxaqbzyzb\Desktop\koa-common-api\koa-js-api\node_modules\jsonwebtoken\verify.js:90:14)
      at Object.module.exports [as verify] (C:\Users\shs-xxaqbzyzb\Desktop\koa-common-api\koa-js-api\node_modules\jsonwebtoken\verify.js:94:10)
      at C:\Users\shs-xxaqbzyzb\Desktop\koa-common-api\koa-js-api\node_modules\koa-jwt\lib\verify.js:5:23
      at new Promise (<anonymous>)
      at module.exports (C:\Users\shs-xxaqbzyzb\Desktop\koa-common-api\koa-js-api\node_modules\koa-jwt\lib\verify.js:4:12)
      at C:\Users\shs-xxaqbzyzb\Desktop\koa-common-api\koa-js-api\node_modules\koa-jwt\lib\index.js:38:64
      at Array.map (<anonymous>)
      at jwt (C:\Users\shs-xxaqbzyzb\Desktop\koa-common-api\koa-js-api\node_modules\koa-jwt\lib\index.js:38:43)
      at C:\Users\shs-xxaqbzyzb\Desktop\koa-common-api\koa-js-api\node_modules\koa-unless\index.js:29:12
}
[2020-07-21T09:05:59.740] [ERROR] application - UnauthorizedError: Authentication Error
    at Object.throw (C:\Users\shs-xxaqbzyzb\Desktop\koa-common-api\koa-js-api\node_modules\koa\lib\context.js:97:11)
    at jwt (C:\Users\shs-xxaqbzyzb\Desktop\koa-common-api\koa-js-api\node_modules\koa-jwt\lib\index.js:66:26)
    at async module.exports (C:\Users\shs-xxaqbzyzb\Desktop\koa-common-api\koa-js-api\middleware\better-err-handle.js:6:5) {
  originalError: JsonWebTokenError: invalid signature
      at C:\Users\shs-xxaqbzyzb\Desktop\koa-common-api\koa-js-api\node_modules\jsonwebtoken\verify.js:133:19
      at getSecret (C:\Users\shs-xxaqbzyzb\Desktop\koa-common-api\koa-js-api\node_modules\jsonwebtoken\verify.js:90:14)
      at Object.module.exports [as verify] (C:\Users\shs-xxaqbzyzb\Desktop\koa-common-api\koa-js-api\node_modules\jsonwebtoken\verify.js:94:10)
      at C:\Users\shs-xxaqbzyzb\Desktop\koa-common-api\koa-js-api\node_modules\koa-jwt\lib\verify.js:5:23
      at new Promise (<anonymous>)
      at module.exports (C:\Users\shs-xxaqbzyzb\Desktop\koa-common-api\koa-js-api\node_modules\koa-jwt\lib\verify.js:4:12)
      at C:\Users\shs-xxaqbzyzb\Desktop\koa-common-api\koa-js-api\node_modules\koa-jwt\lib\index.js:38:64
      at Array.map (<anonymous>)
      at jwt (C:\Users\shs-xxaqbzyzb\Desktop\koa-common-api\koa-js-api\node_modules\koa-jwt\lib\index.js:38:43)
      at C:\Users\shs-xxaqbzyzb\Desktop\koa-common-api\koa-js-api\node_modules\koa-unless\index.js:29:12
}
[2020-07-21T09:06:54.408] [ERROR] application - JsonWebTokenError: invalid signature
    at C:\Users\shs-xxaqbzyzb\Desktop\koa-common-api\koa-js-api\node_modules\jsonwebtoken\verify.js:133:19
    at getSecret (C:\Users\shs-xxaqbzyzb\Desktop\koa-common-api\koa-js-api\node_modules\jsonwebtoken\verify.js:90:14)
    at Object.module.exports [as verify] (C:\Users\shs-xxaqbzyzb\Desktop\koa-common-api\koa-js-api\node_modules\jsonwebtoken\verify.js:94:10)
    at module.exports (C:\Users\shs-xxaqbzyzb\Desktop\koa-common-api\koa-js-api\middleware\better-jwt.js:14:25)
    at dispatch (C:\Users\shs-xxaqbzyzb\Desktop\koa-common-api\koa-js-api\node_modules\koa-compose\index.js:42:32)
    at C:\Users\shs-xxaqbzyzb\Desktop\koa-common-api\koa-js-api\node_modules\koa-unless\index.js:26:14
    at dispatch (C:\Users\shs-xxaqbzyzb\Desktop\koa-common-api\koa-js-api\node_modules\koa-compose\index.js:42:32)
    at module.exports (C:\Users\shs-xxaqbzyzb\Desktop\koa-common-api\koa-js-api\middleware\better-err-handle.js:6:11)
    at dispatch (C:\Users\shs-xxaqbzyzb\Desktop\koa-common-api\koa-js-api\node_modules\koa-compose\index.js:42:32)
    at C:\Users\shs-xxaqbzyzb\Desktop\koa-common-api\koa-js-api\node_modules\koa-compose\index.js:34:12
[2020-07-21T09:06:56.855] [ERROR] application - JsonWebTokenError: invalid signature
    at C:\Users\shs-xxaqbzyzb\Desktop\koa-common-api\koa-js-api\node_modules\jsonwebtoken\verify.js:133:19
    at getSecret (C:\Users\shs-xxaqbzyzb\Desktop\koa-common-api\koa-js-api\node_modules\jsonwebtoken\verify.js:90:14)
    at Object.module.exports [as verify] (C:\Users\shs-xxaqbzyzb\Desktop\koa-common-api\koa-js-api\node_modules\jsonwebtoken\verify.js:94:10)
    at module.exports (C:\Users\shs-xxaqbzyzb\Desktop\koa-common-api\koa-js-api\middleware\better-jwt.js:14:25)
    at dispatch (C:\Users\shs-xxaqbzyzb\Desktop\koa-common-api\koa-js-api\node_modules\koa-compose\index.js:42:32)
    at C:\Users\shs-xxaqbzyzb\Desktop\koa-common-api\koa-js-api\node_modules\koa-unless\index.js:26:14
    at dispatch (C:\Users\shs-xxaqbzyzb\Desktop\koa-common-api\koa-js-api\node_modules\koa-compose\index.js:42:32)
    at module.exports (C:\Users\shs-xxaqbzyzb\Desktop\koa-common-api\koa-js-api\middleware\better-err-handle.js:6:11)
    at dispatch (C:\Users\shs-xxaqbzyzb\Desktop\koa-common-api\koa-js-api\node_modules\koa-compose\index.js:42:32)
    at C:\Users\shs-xxaqbzyzb\Desktop\koa-common-api\koa-js-api\node_modules\koa-compose\index.js:34:12
[2020-07-21T09:07:57.315] [ERROR] application - JsonWebTokenError: invalid signature
    at C:\Users\shs-xxaqbzyzb\Desktop\koa-common-api\koa-js-api\node_modules\jsonwebtoken\verify.js:133:19
    at getSecret (C:\Users\shs-xxaqbzyzb\Desktop\koa-common-api\koa-js-api\node_modules\jsonwebtoken\verify.js:90:14)
    at Object.module.exports [as verify] (C:\Users\shs-xxaqbzyzb\Desktop\koa-common-api\koa-js-api\node_modules\jsonwebtoken\verify.js:94:10)
    at module.exports (C:\Users\shs-xxaqbzyzb\Desktop\koa-common-api\koa-js-api\middleware\better-jwt.js:14:25)
    at dispatch (C:\Users\shs-xxaqbzyzb\Desktop\koa-common-api\koa-js-api\node_modules\koa-compose\index.js:42:32)
    at C:\Users\shs-xxaqbzyzb\Desktop\koa-common-api\koa-js-api\node_modules\koa-unless\index.js:26:14
    at dispatch (C:\Users\shs-xxaqbzyzb\Desktop\koa-common-api\koa-js-api\node_modules\koa-compose\index.js:42:32)
    at module.exports (C:\Users\shs-xxaqbzyzb\Desktop\koa-common-api\koa-js-api\middleware\better-err-handle.js:6:11)
    at dispatch (C:\Users\shs-xxaqbzyzb\Desktop\koa-common-api\koa-js-api\node_modules\koa-compose\index.js:42:32)
    at C:\Users\shs-xxaqbzyzb\Desktop\koa-common-api\koa-js-api\node_modules\koa-compose\index.js:34:12
[2020-07-21T09:08:11.169] [ERROR] application - JsonWebTokenError: invalid signature
    at C:\Users\shs-xxaqbzyzb\Desktop\koa-common-api\koa-js-api\node_modules\jsonwebtoken\verify.js:133:19
    at getSecret (C:\Users\shs-xxaqbzyzb\Desktop\koa-common-api\koa-js-api\node_modules\jsonwebtoken\verify.js:90:14)
    at Object.module.exports [as verify] (C:\Users\shs-xxaqbzyzb\Desktop\koa-common-api\koa-js-api\node_modules\jsonwebtoken\verify.js:94:10)
    at module.exports (C:\Users\shs-xxaqbzyzb\Desktop\koa-common-api\koa-js-api\middleware\better-jwt.js:14:25)
    at dispatch (C:\Users\shs-xxaqbzyzb\Desktop\koa-common-api\koa-js-api\node_modules\koa-compose\index.js:42:32)
    at C:\Users\shs-xxaqbzyzb\Desktop\koa-common-api\koa-js-api\node_modules\koa-unless\index.js:26:14
    at dispatch (C:\Users\shs-xxaqbzyzb\Desktop\koa-common-api\koa-js-api\node_modules\koa-compose\index.js:42:32)
    at module.exports (C:\Users\shs-xxaqbzyzb\Desktop\koa-common-api\koa-js-api\middleware\better-err-handle.js:6:11)
    at dispatch (C:\Users\shs-xxaqbzyzb\Desktop\koa-common-api\koa-js-api\node_modules\koa-compose\index.js:42:32)
    at C:\Users\shs-xxaqbzyzb\Desktop\koa-common-api\koa-js-api\node_modules\koa-compose\index.js:34:12
[2020-07-21T09:08:33.411] [ERROR] application - JsonWebTokenError: invalid signature
    at C:\Users\shs-xxaqbzyzb\Desktop\koa-common-api\koa-js-api\node_modules\jsonwebtoken\verify.js:133:19
    at getSecret (C:\Users\shs-xxaqbzyzb\Desktop\koa-common-api\koa-js-api\node_modules\jsonwebtoken\verify.js:90:14)
    at Object.module.exports [as verify] (C:\Users\shs-xxaqbzyzb\Desktop\koa-common-api\koa-js-api\node_modules\jsonwebtoken\verify.js:94:10)
    at module.exports (C:\Users\shs-xxaqbzyzb\Desktop\koa-common-api\koa-js-api\middleware\better-jwt.js:14:25)
    at dispatch (C:\Users\shs-xxaqbzyzb\Desktop\koa-common-api\koa-js-api\node_modules\koa-compose\index.js:42:32)
    at C:\Users\shs-xxaqbzyzb\Desktop\koa-common-api\koa-js-api\node_modules\koa-unless\index.js:26:14
    at dispatch (C:\Users\shs-xxaqbzyzb\Desktop\koa-common-api\koa-js-api\node_modules\koa-compose\index.js:42:32)
    at module.exports (C:\Users\shs-xxaqbzyzb\Desktop\koa-common-api\koa-js-api\middleware\better-err-handle.js:6:11)
    at dispatch (C:\Users\shs-xxaqbzyzb\Desktop\koa-common-api\koa-js-api\node_modules\koa-compose\index.js:42:32)
    at C:\Users\shs-xxaqbzyzb\Desktop\koa-common-api\koa-js-api\node_modules\koa-compose\index.js:34:12
[2020-07-21T09:09:14.732] [ERROR] application - JsonWebTokenError: invalid signature
    at C:\Users\shs-xxaqbzyzb\Desktop\koa-common-api\koa-js-api\node_modules\jsonwebtoken\verify.js:133:19
    at getSecret (C:\Users\shs-xxaqbzyzb\Desktop\koa-common-api\koa-js-api\node_modules\jsonwebtoken\verify.js:90:14)
    at Object.module.exports [as verify] (C:\Users\shs-xxaqbzyzb\Desktop\koa-common-api\koa-js-api\node_modules\jsonwebtoken\verify.js:94:10)
    at module.exports (C:\Users\shs-xxaqbzyzb\Desktop\koa-common-api\koa-js-api\middleware\better-jwt.js:14:25)
    at dispatch (C:\Users\shs-xxaqbzyzb\Desktop\koa-common-api\koa-js-api\node_modules\koa-compose\index.js:42:32)
    at module.exports (C:\Users\shs-xxaqbzyzb\Desktop\koa-common-api\koa-js-api\middleware\better-err-handle.js:6:11)
    at dispatch (C:\Users\shs-xxaqbzyzb\Desktop\koa-common-api\koa-js-api\node_modules\koa-compose\index.js:42:32)
    at C:\Users\shs-xxaqbzyzb\Desktop\koa-common-api\koa-js-api\node_modules\koa-compose\index.js:34:12
    at Application.handleRequest (C:\Users\shs-xxaqbzyzb\Desktop\koa-common-api\koa-js-api\node_modules\koa\lib\application.js:168:12)
    at Server.handleRequest (C:\Users\shs-xxaqbzyzb\Desktop\koa-common-api\koa-js-api\node_modules\koa\lib\application.js:150:19)
[2020-07-21T09:09:34.480] [ERROR] application - JsonWebTokenError: invalid signature
    at C:\Users\shs-xxaqbzyzb\Desktop\koa-common-api\koa-js-api\node_modules\jsonwebtoken\verify.js:133:19
    at getSecret (C:\Users\shs-xxaqbzyzb\Desktop\koa-common-api\koa-js-api\node_modules\jsonwebtoken\verify.js:90:14)
    at Object.module.exports [as verify] (C:\Users\shs-xxaqbzyzb\Desktop\koa-common-api\koa-js-api\node_modules\jsonwebtoken\verify.js:94:10)
    at module.exports (C:\Users\shs-xxaqbzyzb\Desktop\koa-common-api\koa-js-api\middleware\better-jwt.js:15:25)
    at processTicksAndRejections (internal/process/task_queues.js:97:5)
    at async module.exports (C:\Users\shs-xxaqbzyzb\Desktop\koa-common-api\koa-js-api\middleware\better-err-handle.js:6:5)
[2020-07-21T09:10:13.790] [ERROR] application - TypeError: jwt.verify is not a function
    at module.exports (C:\Users\shs-xxaqbzyzb\Desktop\koa-common-api\koa-js-api\middleware\better-jwt.js:14:25)
    at dispatch (C:\Users\shs-xxaqbzyzb\Desktop\koa-common-api\koa-js-api\node_modules\koa-compose\index.js:42:32)
    at module.exports (C:\Users\shs-xxaqbzyzb\Desktop\koa-common-api\koa-js-api\middleware\better-err-handle.js:6:11)
    at dispatch (C:\Users\shs-xxaqbzyzb\Desktop\koa-common-api\koa-js-api\node_modules\koa-compose\index.js:42:32)
    at C:\Users\shs-xxaqbzyzb\Desktop\koa-common-api\koa-js-api\node_modules\koa-compose\index.js:34:12
    at Application.handleRequest (C:\Users\shs-xxaqbzyzb\Desktop\koa-common-api\koa-js-api\node_modules\koa\lib\application.js:168:12)
    at Server.handleRequest (C:\Users\shs-xxaqbzyzb\Desktop\koa-common-api\koa-js-api\node_modules\koa\lib\application.js:150:19)
    at Server.emit (events.js:315:20)
    at parserOnIncoming (_http_server.js:779:12)
    at HTTPParser.parserOnHeadersComplete (_http_common.js:117:17)
[2020-07-21T09:13:02.647] [ERROR] application - TypeError: jwt.verify is not a function
    at module.exports (C:\Users\shs-xxaqbzyzb\Desktop\koa-common-api\koa-js-api\middleware\better-jwt.js:14:25)
    at dispatch (C:\Users\shs-xxaqbzyzb\Desktop\koa-common-api\koa-js-api\node_modules\koa-compose\index.js:42:32)
    at module.exports (C:\Users\shs-xxaqbzyzb\Desktop\koa-common-api\koa-js-api\middleware\better-err-handle.js:6:11)
    at dispatch (C:\Users\shs-xxaqbzyzb\Desktop\koa-common-api\koa-js-api\node_modules\koa-compose\index.js:42:32)
    at C:\Users\shs-xxaqbzyzb\Desktop\koa-common-api\koa-js-api\node_modules\koa-compose\index.js:34:12
    at Application.handleRequest (C:\Users\shs-xxaqbzyzb\Desktop\koa-common-api\koa-js-api\node_modules\koa\lib\application.js:168:12)
    at Server.handleRequest (C:\Users\shs-xxaqbzyzb\Desktop\koa-common-api\koa-js-api\node_modules\koa\lib\application.js:150:19)
    at Server.emit (events.js:315:20)
    at parserOnIncoming (_http_server.js:779:12)
    at HTTPParser.parserOnHeadersComplete (_http_common.js:117:17)
[2020-07-21T09:13:18.410] [ERROR] application - TypeError: jwt.verify is not a function
    at module.exports (C:\Users\shs-xxaqbzyzb\Desktop\koa-common-api\koa-js-api\middleware\better-jwt.js:14:25)
    at dispatch (C:\Users\shs-xxaqbzyzb\Desktop\koa-common-api\koa-js-api\node_modules\koa-compose\index.js:42:32)
    at module.exports (C:\Users\shs-xxaqbzyzb\Desktop\koa-common-api\koa-js-api\middleware\better-err-handle.js:6:11)
    at dispatch (C:\Users\shs-xxaqbzyzb\Desktop\koa-common-api\koa-js-api\node_modules\koa-compose\index.js:42:32)
    at C:\Users\shs-xxaqbzyzb\Desktop\koa-common-api\koa-js-api\node_modules\koa-compose\index.js:34:12
    at Application.handleRequest (C:\Users\shs-xxaqbzyzb\Desktop\koa-common-api\koa-js-api\node_modules\koa\lib\application.js:168:12)
    at Server.handleRequest (C:\Users\shs-xxaqbzyzb\Desktop\koa-common-api\koa-js-api\node_modules\koa\lib\application.js:150:19)
    at Server.emit (events.js:315:20)
    at parserOnIncoming (_http_server.js:779:12)
    at HTTPParser.parserOnHeadersComplete (_http_common.js:117:17)
[2020-07-21T09:13:32.174] [ERROR] application - TypeError: jwt.verify is not a function
    at module.exports (C:\Users\shs-xxaqbzyzb\Desktop\koa-common-api\koa-js-api\middleware\better-jwt.js:15:25)
    at dispatch (C:\Users\shs-xxaqbzyzb\Desktop\koa-common-api\koa-js-api\node_modules\koa-compose\index.js:42:32)
    at module.exports (C:\Users\shs-xxaqbzyzb\Desktop\koa-common-api\koa-js-api\middleware\better-err-handle.js:6:11)
    at dispatch (C:\Users\shs-xxaqbzyzb\Desktop\koa-common-api\koa-js-api\node_modules\koa-compose\index.js:42:32)
    at C:\Users\shs-xxaqbzyzb\Desktop\koa-common-api\koa-js-api\node_modules\koa-compose\index.js:34:12
    at Application.handleRequest (C:\Users\shs-xxaqbzyzb\Desktop\koa-common-api\koa-js-api\node_modules\koa\lib\application.js:168:12)
    at Server.handleRequest (C:\Users\shs-xxaqbzyzb\Desktop\koa-common-api\koa-js-api\node_modules\koa\lib\application.js:150:19)
    at Server.emit (events.js:315:20)
    at parserOnIncoming (_http_server.js:779:12)
    at HTTPParser.parserOnHeadersComplete (_http_common.js:117:17)
[2020-07-21T09:13:55.399] [ERROR] application - TypeError: jwt.verify is not a function
    at module.exports (C:\Users\shs-xxaqbzyzb\Desktop\koa-common-api\koa-js-api\middleware\better-jwt.js:15:25)
    at dispatch (C:\Users\shs-xxaqbzyzb\Desktop\koa-common-api\koa-js-api\node_modules\koa-compose\index.js:42:32)
    at module.exports (C:\Users\shs-xxaqbzyzb\Desktop\koa-common-api\koa-js-api\middleware\better-err-handle.js:6:11)
    at dispatch (C:\Users\shs-xxaqbzyzb\Desktop\koa-common-api\koa-js-api\node_modules\koa-compose\index.js:42:32)
    at C:\Users\shs-xxaqbzyzb\Desktop\koa-common-api\koa-js-api\node_modules\koa-compose\index.js:34:12
    at Application.handleRequest (C:\Users\shs-xxaqbzyzb\Desktop\koa-common-api\koa-js-api\node_modules\koa\lib\application.js:168:12)
    at Server.handleRequest (C:\Users\shs-xxaqbzyzb\Desktop\koa-common-api\koa-js-api\node_modules\koa\lib\application.js:150:19)
    at Server.emit (events.js:315:20)
    at parserOnIncoming (_http_server.js:779:12)
    at HTTPParser.parserOnHeadersComplete (_http_common.js:117:17)
[2020-07-21T09:14:21.664] [ERROR] application - JsonWebTokenError: invalid signature
    at C:\Users\shs-xxaqbzyzb\Desktop\koa-common-api\koa-js-api\node_modules\jsonwebtoken\verify.js:133:19
    at getSecret (C:\Users\shs-xxaqbzyzb\Desktop\koa-common-api\koa-js-api\node_modules\jsonwebtoken\verify.js:90:14)
    at Object.module.exports [as verify] (C:\Users\shs-xxaqbzyzb\Desktop\koa-common-api\koa-js-api\node_modules\jsonwebtoken\verify.js:94:10)
    at module.exports (C:\Users\shs-xxaqbzyzb\Desktop\koa-common-api\koa-js-api\middleware\better-jwt.js:15:25)
    at dispatch (C:\Users\shs-xxaqbzyzb\Desktop\koa-common-api\koa-js-api\node_modules\koa-compose\index.js:42:32)
    at module.exports (C:\Users\shs-xxaqbzyzb\Desktop\koa-common-api\koa-js-api\middleware\better-err-handle.js:6:11)
    at dispatch (C:\Users\shs-xxaqbzyzb\Desktop\koa-common-api\koa-js-api\node_modules\koa-compose\index.js:42:32)
    at C:\Users\shs-xxaqbzyzb\Desktop\koa-common-api\koa-js-api\node_modules\koa-compose\index.js:34:12
    at Application.handleRequest (C:\Users\shs-xxaqbzyzb\Desktop\koa-common-api\koa-js-api\node_modules\koa\lib\application.js:168:12)
    at Server.handleRequest (C:\Users\shs-xxaqbzyzb\Desktop\koa-common-api\koa-js-api\node_modules\koa\lib\application.js:150:19)
[2020-07-21T09:15:09.812] [ERROR] application - JsonWebTokenError: invalid signature
    at C:\Users\shs-xxaqbzyzb\Desktop\koa-common-api\koa-js-api\node_modules\jsonwebtoken\verify.js:133:19
    at getSecret (C:\Users\shs-xxaqbzyzb\Desktop\koa-common-api\koa-js-api\node_modules\jsonwebtoken\verify.js:90:14)
    at Object.module.exports [as verify] (C:\Users\shs-xxaqbzyzb\Desktop\koa-common-api\koa-js-api\node_modules\jsonwebtoken\verify.js:94:10)
    at module.exports (C:\Users\shs-xxaqbzyzb\Desktop\koa-common-api\koa-js-api\middleware\better-jwt.js:15:25)
    at dispatch (C:\Users\shs-xxaqbzyzb\Desktop\koa-common-api\koa-js-api\node_modules\koa-compose\index.js:42:32)
    at C:\Users\shs-xxaqbzyzb\Desktop\koa-common-api\koa-js-api\node_modules\koa-unless\index.js:26:14
    at dispatch (C:\Users\shs-xxaqbzyzb\Desktop\koa-common-api\koa-js-api\node_modules\koa-compose\index.js:42:32)
    at module.exports (C:\Users\shs-xxaqbzyzb\Desktop\koa-common-api\koa-js-api\middleware\better-err-handle.js:6:11)
    at dispatch (C:\Users\shs-xxaqbzyzb\Desktop\koa-common-api\koa-js-api\node_modules\koa-compose\index.js:42:32)
    at C:\Users\shs-xxaqbzyzb\Desktop\koa-common-api\koa-js-api\node_modules\koa-compose\index.js:34:12
[2020-07-21T09:16:00.787] [ERROR] application - UnauthorizedError: Authentication Error
    at Object.throw (C:\Users\shs-xxaqbzyzb\Desktop\koa-common-api\koa-js-api\node_modules\koa\lib\context.js:97:11)
    at jwt (C:\Users\shs-xxaqbzyzb\Desktop\koa-common-api\koa-js-api\node_modules\koa-jwt\lib\index.js:66:26)
    at async module.exports (C:\Users\shs-xxaqbzyzb\Desktop\koa-common-api\koa-js-api\middleware\better-err-handle.js:6:5) {
  originalError: JsonWebTokenError: invalid signature
      at C:\Users\shs-xxaqbzyzb\Desktop\koa-common-api\koa-js-api\node_modules\jsonwebtoken\verify.js:133:19
      at getSecret (C:\Users\shs-xxaqbzyzb\Desktop\koa-common-api\koa-js-api\node_modules\jsonwebtoken\verify.js:90:14)
      at Object.module.exports [as verify] (C:\Users\shs-xxaqbzyzb\Desktop\koa-common-api\koa-js-api\node_modules\jsonwebtoken\verify.js:94:10)
      at C:\Users\shs-xxaqbzyzb\Desktop\koa-common-api\koa-js-api\node_modules\koa-jwt\lib\verify.js:5:23
      at new Promise (<anonymous>)
      at module.exports (C:\Users\shs-xxaqbzyzb\Desktop\koa-common-api\koa-js-api\node_modules\koa-jwt\lib\verify.js:4:12)
      at C:\Users\shs-xxaqbzyzb\Desktop\koa-common-api\koa-js-api\node_modules\koa-jwt\lib\index.js:38:64
      at Array.map (<anonymous>)
      at jwt (C:\Users\shs-xxaqbzyzb\Desktop\koa-common-api\koa-js-api\node_modules\koa-jwt\lib\index.js:38:43)
      at C:\Users\shs-xxaqbzyzb\Desktop\koa-common-api\koa-js-api\node_modules\koa-unless\index.js:29:12
}
[2020-07-21T09:19:26.754] [ERROR] application - UnauthorizedError: Authentication Error
    at Object.throw (C:\Users\shs-xxaqbzyzb\Desktop\koa-common-api\koa-js-api\node_modules\koa\lib\context.js:97:11)
    at jwt (C:\Users\shs-xxaqbzyzb\Desktop\koa-common-api\koa-js-api\node_modules\koa-jwt\lib\index.js:66:26)
    at async module.exports (C:\Users\shs-xxaqbzyzb\Desktop\koa-common-api\koa-js-api\middleware\better-err-handle.js:6:5) {
  originalError: JsonWebTokenError: invalid signature
      at C:\Users\shs-xxaqbzyzb\Desktop\koa-common-api\koa-js-api\node_modules\jsonwebtoken\verify.js:133:19
      at getSecret (C:\Users\shs-xxaqbzyzb\Desktop\koa-common-api\koa-js-api\node_modules\jsonwebtoken\verify.js:90:14)
      at Object.module.exports [as verify] (C:\Users\shs-xxaqbzyzb\Desktop\koa-common-api\koa-js-api\node_modules\jsonwebtoken\verify.js:94:10)
      at C:\Users\shs-xxaqbzyzb\Desktop\koa-common-api\koa-js-api\node_modules\koa-jwt\lib\verify.js:5:23
      at new Promise (<anonymous>)
      at module.exports (C:\Users\shs-xxaqbzyzb\Desktop\koa-common-api\koa-js-api\node_modules\koa-jwt\lib\verify.js:4:12)
      at C:\Users\shs-xxaqbzyzb\Desktop\koa-common-api\koa-js-api\node_modules\koa-jwt\lib\index.js:38:64
      at Array.map (<anonymous>)
      at jwt (C:\Users\shs-xxaqbzyzb\Desktop\koa-common-api\koa-js-api\node_modules\koa-jwt\lib\index.js:38:43)
      at C:\Users\shs-xxaqbzyzb\Desktop\koa-common-api\koa-js-api\node_modules\koa-unless\index.js:29:12
}
[2020-07-21T09:20:47.630] [ERROR] application - UnauthorizedError: Bad Authorization header format. Format is "Authorization: Bearer <token>"
    at Object.throw (C:\Users\shs-xxaqbzyzb\Desktop\koa-common-api\koa-js-api\node_modules\koa\lib\context.js:97:11)
    at resolveAuthorizationHeader (C:\Users\shs-xxaqbzyzb\Desktop\koa-common-api\koa-js-api\node_modules\koa-jwt\lib\resolvers\auth-header.js:26:18)
    at C:\Users\shs-xxaqbzyzb\Desktop\koa-common-api\koa-js-api\node_modules\koa-jwt\lib\index.js:20:49
    at Array.find (<anonymous>)
    at jwt (C:\Users\shs-xxaqbzyzb\Desktop\koa-common-api\koa-js-api\node_modules\koa-jwt\lib\index.js:20:24)
    at C:\Users\shs-xxaqbzyzb\Desktop\koa-common-api\koa-js-api\node_modules\koa-unless\index.js:29:12
    at dispatch (C:\Users\shs-xxaqbzyzb\Desktop\koa-common-api\koa-js-api\node_modules\koa-compose\index.js:42:32)
    at module.exports (C:\Users\shs-xxaqbzyzb\Desktop\koa-common-api\koa-js-api\middleware\better-err-handle.js:6:11)
    at dispatch (C:\Users\shs-xxaqbzyzb\Desktop\koa-common-api\koa-js-api\node_modules\koa-compose\index.js:42:32)
    at C:\Users\shs-xxaqbzyzb\Desktop\koa-common-api\koa-js-api\node_modules\koa-compose\index.js:34:12
[2020-07-21T09:21:01.180] [ERROR] application - UnauthorizedError: Bad Authorization header format. Format is "Authorization: Bearer <token>"
    at Object.throw (C:\Users\shs-xxaqbzyzb\Desktop\koa-common-api\koa-js-api\node_modules\koa\lib\context.js:97:11)
    at resolveAuthorizationHeader (C:\Users\shs-xxaqbzyzb\Desktop\koa-common-api\koa-js-api\node_modules\koa-jwt\lib\resolvers\auth-header.js:26:18)
    at C:\Users\shs-xxaqbzyzb\Desktop\koa-common-api\koa-js-api\node_modules\koa-jwt\lib\index.js:20:49
    at Array.find (<anonymous>)
    at jwt (C:\Users\shs-xxaqbzyzb\Desktop\koa-common-api\koa-js-api\node_modules\koa-jwt\lib\index.js:20:24)
    at C:\Users\shs-xxaqbzyzb\Desktop\koa-common-api\koa-js-api\node_modules\koa-unless\index.js:29:12
    at dispatch (C:\Users\shs-xxaqbzyzb\Desktop\koa-common-api\koa-js-api\node_modules\koa-compose\index.js:42:32)
    at module.exports (C:\Users\shs-xxaqbzyzb\Desktop\koa-common-api\koa-js-api\middleware\better-err-handle.js:6:11)
    at dispatch (C:\Users\shs-xxaqbzyzb\Desktop\koa-common-api\koa-js-api\node_modules\koa-compose\index.js:42:32)
    at C:\Users\shs-xxaqbzyzb\Desktop\koa-common-api\koa-js-api\node_modules\koa-compose\index.js:34:12
[2020-07-21T09:21:10.754] [ERROR] application - UnauthorizedError: Authentication Error
    at Object.throw (C:\Users\shs-xxaqbzyzb\Desktop\koa-common-api\koa-js-api\node_modules\koa\lib\context.js:97:11)
    at jwt (C:\Users\shs-xxaqbzyzb\Desktop\koa-common-api\koa-js-api\node_modules\koa-jwt\lib\index.js:66:26)
    at async module.exports (C:\Users\shs-xxaqbzyzb\Desktop\koa-common-api\koa-js-api\middleware\better-err-handle.js:6:5) {
  originalError: JsonWebTokenError: invalid signature
      at C:\Users\shs-xxaqbzyzb\Desktop\koa-common-api\koa-js-api\node_modules\jsonwebtoken\verify.js:133:19
      at getSecret (C:\Users\shs-xxaqbzyzb\Desktop\koa-common-api\koa-js-api\node_modules\jsonwebtoken\verify.js:90:14)
      at Object.module.exports [as verify] (C:\Users\shs-xxaqbzyzb\Desktop\koa-common-api\koa-js-api\node_modules\jsonwebtoken\verify.js:94:10)
      at C:\Users\shs-xxaqbzyzb\Desktop\koa-common-api\koa-js-api\node_modules\koa-jwt\lib\verify.js:5:23
      at new Promise (<anonymous>)
      at module.exports (C:\Users\shs-xxaqbzyzb\Desktop\koa-common-api\koa-js-api\node_modules\koa-jwt\lib\verify.js:4:12)
      at C:\Users\shs-xxaqbzyzb\Desktop\koa-common-api\koa-js-api\node_modules\koa-jwt\lib\index.js:38:64
      at Array.map (<anonymous>)
      at jwt (C:\Users\shs-xxaqbzyzb\Desktop\koa-common-api\koa-js-api\node_modules\koa-jwt\lib\index.js:38:43)
      at C:\Users\shs-xxaqbzyzb\Desktop\koa-common-api\koa-js-api\node_modules\koa-unless\index.js:29:12
}
[2020-07-21T09:21:29.540] [ERROR] application - UnauthorizedError: Bad Authorization header format. Format is "Authorization: Bearer <token>"
    at Object.throw (C:\Users\shs-xxaqbzyzb\Desktop\koa-common-api\koa-js-api\node_modules\koa\lib\context.js:97:11)
    at resolveAuthorizationHeader (C:\Users\shs-xxaqbzyzb\Desktop\koa-common-api\koa-js-api\node_modules\koa-jwt\lib\resolvers\auth-header.js:26:18)
    at C:\Users\shs-xxaqbzyzb\Desktop\koa-common-api\koa-js-api\node_modules\koa-jwt\lib\index.js:20:49
    at Array.find (<anonymous>)
    at jwt (C:\Users\shs-xxaqbzyzb\Desktop\koa-common-api\koa-js-api\node_modules\koa-jwt\lib\index.js:20:24)
    at C:\Users\shs-xxaqbzyzb\Desktop\koa-common-api\koa-js-api\node_modules\koa-unless\index.js:29:12
    at dispatch (C:\Users\shs-xxaqbzyzb\Desktop\koa-common-api\koa-js-api\node_modules\koa-compose\index.js:42:32)
    at module.exports (C:\Users\shs-xxaqbzyzb\Desktop\koa-common-api\koa-js-api\middleware\better-err-handle.js:6:11)
    at dispatch (C:\Users\shs-xxaqbzyzb\Desktop\koa-common-api\koa-js-api\node_modules\koa-compose\index.js:42:32)
    at C:\Users\shs-xxaqbzyzb\Desktop\koa-common-api\koa-js-api\node_modules\koa-compose\index.js:34:12
[2020-07-21T10:22:09.264] [ERROR] application - UnauthorizedError: Authentication Error
    at Object.throw (C:\Users\shs-xxaqbzyzb\Desktop\koa-common-api\koa-js-api\node_modules\koa\lib\context.js:97:11)
    at jwt (C:\Users\shs-xxaqbzyzb\Desktop\koa-common-api\koa-js-api\node_modules\koa-jwt\lib\index.js:66:26)
    at async module.exports (C:\Users\shs-xxaqbzyzb\Desktop\koa-common-api\koa-js-api\middleware\better-err-handle.js:6:5) {
  originalError: TokenExpiredError: jwt expired
      at C:\Users\shs-xxaqbzyzb\Desktop\koa-common-api\koa-js-api\node_modules\jsonwebtoken\verify.js:152:21
      at getSecret (C:\Users\shs-xxaqbzyzb\Desktop\koa-common-api\koa-js-api\node_modules\jsonwebtoken\verify.js:90:14)
      at Object.module.exports [as verify] (C:\Users\shs-xxaqbzyzb\Desktop\koa-common-api\koa-js-api\node_modules\jsonwebtoken\verify.js:94:10)
      at C:\Users\shs-xxaqbzyzb\Desktop\koa-common-api\koa-js-api\node_modules\koa-jwt\lib\verify.js:5:23
      at new Promise (<anonymous>)
      at module.exports (C:\Users\shs-xxaqbzyzb\Desktop\koa-common-api\koa-js-api\node_modules\koa-jwt\lib\verify.js:4:12)
      at C:\Users\shs-xxaqbzyzb\Desktop\koa-common-api\koa-js-api\node_modules\koa-jwt\lib\index.js:38:64
      at Array.map (<anonymous>)
      at jwt (C:\Users\shs-xxaqbzyzb\Desktop\koa-common-api\koa-js-api\node_modules\koa-jwt\lib\index.js:38:43)
      at C:\Users\shs-xxaqbzyzb\Desktop\koa-common-api\koa-js-api\node_modules\koa-unless\index.js:29:12 {
    expiredAt: 2020-07-21T02:20:26.000Z
  }
}
